2026-04-07 00:28:29:2829 [32minfo[39m: [32m🔍 Environment check:[39m
2026-04-07 00:28:29:2829 [32minfo[39m: [32m- NODE_ENV: development[39m
2026-04-07 00:28:29:2829 [32minfo[39m: [32m- PORT: 4000[39m
2026-04-07 00:28:29:2829 [32minfo[39m: [32m- MONGODB_URI: Set[39m
2026-04-07 00:28:29:2829 [32minfo[39m: [32m🔍 Using memory session store for development[39m
2026-04-07 00:28:29:2829 [32minfo[39m: [32m✅ Memory session store configured[39m
2026-04-07 00:28:29:2829 [32minfo[39m: [32m🚀 Starting server initialization...[39m
2026-04-07 00:28:29:2829 [32minfo[39m: [32m✅ MongoDB connection established[39m
2026-04-07 00:28:29:2829 [32minfo[39m: [32m✅ WebSocket upgrade route ready at /ws/admin[39m
2026-04-07 00:28:29:2829 [32minfo[39m: [32m📁 Static file serving configured for uploads at: C:\royals_decording webbbbbbbbb\client\public\uploads[39m
2026-04-07 00:28:29:2829 [32minfo[39m: [32m🚀 Server running in development mode at http://0.0.0.0:4000[39m
2026-04-07 00:28:52:2852 [37mdebug[39m: [37m[Body Parser] GET /admin - Content-Length: Unknown[39m
2026-04-07 00:28:52:2852 [35mhttp[39m: [35mGET /admin 200 - - 52.484 ms[39m
2026-04-07 00:28:53:2853 [37mdebug[39m: [37m[Body Parser] GET /@vite/client - Content-Length: Unknown[39m
2026-04-07 00:28:53:2853 [37mdebug[39m: [37m[Body Parser] GET /src/main.tsx?v=jeyYe3-aFW9fZnwWFNYnh - Content-Length: Unknown[39m
2026-04-07 00:28:53:2853 [37mdebug[39m: [37m[Body Parser] GET /@react-refresh - Content-Length: Unknown[39m
2026-04-07 00:28:53:2853 [35mhttp[39m: [35mGET /src/main.tsx?v=jeyYe3-aFW9fZnwWFNYnh 200 - - 16.434 ms[39m
2026-04-07 00:28:53:2853 [37mdebug[39m: [37m[Body Parser] GET /@fs/C:/royals_decording%20webbbbbbbbb/node_modules/.vite/deps/react_jsx-dev-runtime.js?v=84fcb9ce - Content-Length: Unknown[39m
2026-04-07 00:28:53:2853 [35mhttp[39m: [35mGET /@react-refresh 304 - - 25.174 ms[39m
2026-04-07 00:28:53:2853 [37mdebug[39m: [37m[Body Parser] GET /@fs/C:/royals_decording%20webbbbbbbbb/node_modules/.vite/deps/react-dom_client.js?v=971053f1 - Content-Length: Unknown[39m
2026-04-07 00:28:53:2853 [37mdebug[39m: [37m[Body Parser] GET /src/App.tsx?v=jeyYe3-aFW9fZnwWFNYnh - Content-Length: Unknown[39m
2026-04-07 00:28:53:2853 [37mdebug[39m: [37m[Body Parser] GET /src/index.css?v=jeyYe3-aFW9fZnwWFNYnh - Content-Length: Unknown[39m
2026-04-07 00:28:53:2853 [35mhttp[39m: [35mGET /@vite/client 200 - - 60.313 ms[39m
2026-04-07 00:28:53:2853 [37mdebug[39m: [37m[Body Parser] GET /@fs/C:/royals_decording%20webbbbbbbbb/node_modules/vite/dist/client/env.mjs - Content-Length: Unknown[39m
2026-04-07 00:28:53:2853 [35mhttp[39m: [35mGET /@fs/C:/royals_decording%20webbbbbbbbb/node_modules/vite/dist/client/env.mjs 304 - - 3.464 ms[39m
2026-04-07 00:28:53:2853 [35mhttp[39m: [35mGET /src/App.tsx?v=jeyYe3-aFW9fZnwWFNYnh 200 - - 102.039 ms[39m
2026-04-07 00:28:53:2853 [37mdebug[39m: [37m[Body Parser] GET /@fs/C:/royals_decording%20webbbbbbbbb/node_modules/.vite/deps/wouter.js?v=ce2c472f - Content-Length: Unknown[39m
2026-04-07 00:28:53:2853 [37mdebug[39m: [37m[Body Parser] GET /@fs/C:/royals_decording%20webbbbbbbbb/node_modules/.vite/deps/@tanstack_react-query.js?v=1f39d8f8 - Content-Length: Unknown[39m
2026-04-07 00:28:53:2853 [37mdebug[39m: [37m[Body Parser] GET /src/lib/queryClient.ts - Content-Length: Unknown[39m
2026-04-07 00:28:53:2853 [35mhttp[39m: [35mGET /src/lib/queryClient.ts 200 - - 521.385 ms[39m
2026-04-07 00:28:53:2853 [37mdebug[39m: [37m[Body Parser] GET /src/components/ui/toaster.tsx - Content-Length: Unknown[39m
2026-04-07 00:28:53:2853 [35mhttp[39m: [35mGET /src/components/ui/toaster.tsx 200 - - 53.436 ms[39m
2026-04-07 00:28:53:2853 [37mdebug[39m: [37m[Body Parser] GET /src/components/ui/tooltip.tsx - Content-Length: Unknown[39m
2026-04-07 00:28:53:2853 [35mhttp[39m: [35mGET /src/components/ui/tooltip.tsx 200 - - 0.924 ms[39m
2026-04-07 00:28:54:2854 [37mdebug[39m: [37m[Body Parser] GET /src/contexts/ThemeContext.tsx - Content-Length: Unknown[39m
2026-04-07 00:28:54:2854 [35mhttp[39m: [35mGET /src/contexts/ThemeContext.tsx 200 - - 0.822 ms[39m
2026-04-07 00:28:54:2854 [37mdebug[39m: [37m[Body Parser] GET /src/hooks/useAuth.ts - Content-Length: Unknown[39m
2026-04-07 00:28:54:2854 [35mhttp[39m: [35mGET /src/hooks/useAuth.ts 200 - - 0.847 ms[39m
2026-04-07 00:28:54:2854 [37mdebug[39m: [37m[Body Parser] GET /src/pages/not-found.tsx - Content-Length: Unknown[39m
2026-04-07 00:28:54:2854 [35mhttp[39m: [35mGET /src/pages/not-found.tsx 200 - - 1.094 ms[39m
2026-04-07 00:28:54:2854 [37mdebug[39m: [37m[Body Parser] GET /src/pages/Home.tsx - Content-Length: Unknown[39m
2026-04-07 00:28:54:2854 [35mhttp[39m: [35mGET /src/index.css?v=jeyYe3-aFW9fZnwWFNYnh 200 - - 1470.981 ms[39m
2026-04-07 00:28:54:2854 [37mdebug[39m: [37m[Body Parser] GET /src/pages/Products.tsx - Content-Length: Unknown[39m
2026-04-07 00:28:54:2854 [35mhttp[39m: [35mGET /src/pages/Products.tsx 200 - - 15.945 ms[39m
2026-04-07 00:28:54:2854 [37mdebug[39m: [37m[Body Parser] GET /src/pages/ProductDetail.tsx - Content-Length: Unknown[39m
2026-04-07 00:28:54:2854 [35mhttp[39m: [35mGET /src/pages/ProductDetail.tsx 200 - - 61.385 ms[39m
2026-04-07 00:28:54:2854 [35mhttp[39m: [35mGET /src/pages/Home.tsx 200 - - 472.099 ms[39m
2026-04-07 00:28:54:2854 [37mdebug[39m: [37m[Body Parser] GET /src/pages/Cart.tsx - Content-Length: Unknown[39m
2026-04-07 00:28:54:2854 [35mhttp[39m: [35mGET /src/pages/Cart.tsx 200 - - 1.543 ms[39m
2026-04-07 00:28:54:2854 [37mdebug[39m: [37m[Body Parser] GET /src/pages/Checkout.tsx - Content-Length: Unknown[39m
2026-04-07 00:28:54:2854 [37mdebug[39m: [37m[Body Parser] GET /src/pages/OrderConfirmation.tsx - Content-Length: Unknown[39m
2026-04-07 00:28:54:2854 [35mhttp[39m: [35mGET /src/pages/OrderConfirmation.tsx 200 - - 1.301 ms[39m
2026-04-07 00:28:54:2854 [37mdebug[39m: [37m[Body Parser] GET /src/pages/About.tsx - Content-Length: Unknown[39m
2026-04-07 00:28:54:2854 [35mhttp[39m: [35mGET /src/pages/About.tsx 200 - - 0.909 ms[39m
2026-04-07 00:28:54:2854 [35mhttp[39m: [35mGET /src/pages/Checkout.tsx 200 - - 27.944 ms[39m
2026-04-07 00:28:54:2854 [37mdebug[39m: [37m[Body Parser] GET /src/pages/Contact.tsx - Content-Length: Unknown[39m
2026-04-07 00:28:54:2854 [35mhttp[39m: [35mGET /src/pages/Contact.tsx 200 - - 1.405 ms[39m
2026-04-07 00:28:54:2854 [37mdebug[39m: [37m[Body Parser] GET /src/pages/Login.tsx - Content-Length: Unknown[39m
2026-04-07 00:28:54:2854 [35mhttp[39m: [35mGET /src/pages/Login.tsx 200 - - 0.929 ms[39m
2026-04-07 00:28:54:2854 [37mdebug[39m: [37m[Body Parser] GET /src/pages/Register.tsx - Content-Length: Unknown[39m
2026-04-07 00:28:54:2854 [35mhttp[39m: [35mGET /src/pages/Register.tsx 200 - - 0.936 ms[39m
2026-04-07 00:28:54:2854 [37mdebug[39m: [37m[Body Parser] GET /src/pages/Profile.tsx - Content-Length: Unknown[39m
2026-04-07 00:28:54:2854 [35mhttp[39m: [35mGET /src/pages/Profile.tsx 200 - - 1.169 ms[39m
2026-04-07 00:28:54:2854 [37mdebug[39m: [37m[Body Parser] GET /src/pages/Wishlist.tsx - Content-Length: Unknown[39m
2026-04-07 00:28:54:2854 [35mhttp[39m: [35mGET /src/pages/Wishlist.tsx 200 - - 0.803 ms[39m
2026-04-07 00:28:54:2854 [37mdebug[39m: [37m[Body Parser] GET /src/pages/GiftCards.tsx - Content-Length: Unknown[39m
2026-04-07 00:28:54:2854 [35mhttp[39m: [35mGET /src/pages/GiftCards.tsx 200 - - 1.074 ms[39m
2026-04-07 00:28:54:2854 [37mdebug[39m: [37m[Body Parser] GET /src/pages/StoreLocator.tsx - Content-Length: Unknown[39m
2026-04-07 00:28:54:2854 [35mhttp[39m: [35mGET /src/pages/StoreLocator.tsx 200 - - 0.710 ms[39m
2026-04-07 00:28:54:2854 [37mdebug[39m: [37m[Body Parser] GET /src/pages/Shipping.tsx - Content-Length: Unknown[39m
2026-04-07 00:28:54:2854 [35mhttp[39m: [35mGET /src/pages/Shipping.tsx 200 - - 0.854 ms[39m
2026-04-07 00:28:54:2854 [37mdebug[39m: [37m[Body Parser] GET /src/pages/Returns.tsx - Content-Length: Unknown[39m
2026-04-07 00:28:54:2854 [35mhttp[39m: [35mGET /src/pages/Returns.tsx 200 - - 0.770 ms[39m
2026-04-07 00:28:54:2854 [37mdebug[39m: [37m[Body Parser] GET /src/pages/SizeGuide.tsx - Content-Length: Unknown[39m
2026-04-07 00:28:54:2854 [35mhttp[39m: [35mGET /src/pages/SizeGuide.tsx 200 - - 0.958 ms[39m
2026-04-07 00:28:54:2854 [37mdebug[39m: [37m[Body Parser] GET /src/pages/FAQ.tsx - Content-Length: Unknown[39m
2026-04-07 00:28:54:2854 [35mhttp[39m: [35mGET /src/pages/FAQ.tsx 200 - - 0.728 ms[39m
2026-04-07 00:28:54:2854 [37mdebug[39m: [37m[Body Parser] GET /src/pages/OrderTracking.tsx - Content-Length: Unknown[39m
2026-04-07 00:28:54:2854 [35mhttp[39m: [35mGET /src/pages/OrderTracking.tsx 200 - - 1.010 ms[39m
2026-04-07 00:28:54:2854 [37mdebug[39m: [37m[Body Parser] GET /src/pages/Privacy.tsx - Content-Length: Unknown[39m
2026-04-07 00:28:54:2854 [35mhttp[39m: [35mGET /src/pages/Privacy.tsx 200 - - 0.674 ms[39m
2026-04-07 00:28:54:2854 [37mdebug[39m: [37m[Body Parser] GET /src/pages/Terms.tsx - Content-Length: Unknown[39m
2026-04-07 00:28:54:2854 [35mhttp[39m: [35mGET /src/pages/Terms.tsx 200 - - 1.188 ms[39m
2026-04-07 00:28:54:2854 [37mdebug[39m: [37m[Body Parser] GET /src/pages/Cookies.tsx - Content-Length: Unknown[39m
2026-04-07 00:28:54:2854 [35mhttp[39m: [35mGET /src/pages/Cookies.tsx 200 - - 0.610 ms[39m
2026-04-07 00:28:54:2854 [37mdebug[39m: [37m[Body Parser] GET /src/pages/MyOrders.tsx - Content-Length: Unknown[39m
2026-04-07 00:28:54:2854 [35mhttp[39m: [35mGET /src/pages/MyOrders.tsx 200 - - 1.004 ms[39m
2026-04-07 00:28:54:2854 [37mdebug[39m: [37m[Body Parser] GET /src/pages/CompareProducts.tsx - Content-Length: Unknown[39m
2026-04-07 00:28:54:2854 [35mhttp[39m: [35mGET /src/pages/CompareProducts.tsx 200 - - 0.821 ms[39m
2026-04-07 00:28:54:2854 [37mdebug[39m: [37m[Body Parser] GET /src/pages/AddressBook.tsx - Content-Length: Unknown[39m
2026-04-07 00:28:54:2854 [35mhttp[39m: [35mGET /src/pages/AddressBook.tsx 200 - - 1.107 ms[39m
2026-04-07 00:28:54:2854 [37mdebug[39m: [37m[Body Parser] GET /src/pages/PaymentMethods.tsx - Content-Length: Unknown[39m
2026-04-07 00:28:54:2854 [35mhttp[39m: [35mGET /src/pages/PaymentMethods.tsx 200 - - 0.877 ms[39m
2026-04-07 00:28:54:2854 [37mdebug[39m: [37m[Body Parser] GET /src/pages/Notifications.tsx - Content-Length: Unknown[39m
2026-04-07 00:28:54:2854 [35mhttp[39m: [35mGET /src/pages/Notifications.tsx 200 - - 1.517 ms[39m
2026-04-07 00:28:54:2854 [37mdebug[39m: [37m[Body Parser] GET /src/pages/AdminLogin.tsx - Content-Length: Unknown[39m
2026-04-07 00:28:54:2854 [35mhttp[39m: [35mGET /src/pages/AdminLogin.tsx 200 - - 0.748 ms[39m
2026-04-07 00:28:55:2855 [37mdebug[39m: [37m[Body Parser] GET /src/pages/AdminDashboard.tsx - Content-Length: Unknown[39m
2026-04-07 00:28:55:2855 [35mhttp[39m: [35mGET /src/pages/AdminDashboard.tsx 200 - - 1.044 ms[39m
2026-04-07 00:28:55:2855 [37mdebug[39m: [37m[Body Parser] GET /src/pages/AdminProducts.tsx - Content-Length: Unknown[39m
2026-04-07 00:28:55:2855 [35mhttp[39m: [35mGET /src/pages/AdminProducts.tsx 200 - - 0.872 ms[39m
2026-04-07 00:28:55:2855 [37mdebug[39m: [37m[Body Parser] GET /src/pages/AdminOrders.tsx - Content-Length: Unknown[39m
2026-04-07 00:28:55:2855 [35mhttp[39m: [35mGET /src/pages/AdminOrders.tsx 200 - - 1.766 ms[39m
2026-04-07 00:28:55:2855 [37mdebug[39m: [37m[Body Parser] GET /src/pages/AdminAddProduct.tsx - Content-Length: Unknown[39m
2026-04-07 00:28:55:2855 [35mhttp[39m: [35mGET /src/pages/AdminAddProduct.tsx 200 - - 1.355 ms[39m
2026-04-07 00:28:55:2855 [37mdebug[39m: [37m[Body Parser] GET /src/pages/AdminEditProduct.tsx - Content-Length: Unknown[39m
2026-04-07 00:28:55:2855 [35mhttp[39m: [35mGET /src/pages/AdminEditProduct.tsx 200 - - 1.112 ms[39m
2026-04-07 00:28:55:2855 [37mdebug[39m: [37m[Body Parser] GET /src/components/admin/AdminRoute.tsx - Content-Length: Unknown[39m
2026-04-07 00:28:55:2855 [35mhttp[39m: [35mGET /src/components/admin/AdminRoute.tsx 200 - - 0.884 ms[39m
2026-04-07 00:28:55:2855 [37mdebug[39m: [37m[Body Parser] GET /src/lib/authStore.ts - Content-Length: Unknown[39m
2026-04-07 00:28:55:2855 [35mhttp[39m: [35mGET /src/lib/authStore.ts 200 - - 0.759 ms[39m
2026-04-07 00:28:55:2855 [37mdebug[39m: [37m[Body Parser] GET /src/hooks/use-toast.ts - Content-Length: Unknown[39m
2026-04-07 00:28:55:2855 [35mhttp[39m: [35mGET /src/hooks/use-toast.ts 200 - - 0.579 ms[39m
2026-04-07 00:28:55:2855 [37mdebug[39m: [37m[Body Parser] GET /src/components/ui/toast.tsx - Content-Length: Unknown[39m
2026-04-07 00:28:55:2855 [35mhttp[39m: [35mGET /src/components/ui/toast.tsx 200 - - 0.557 ms[39m
2026-04-07 00:28:55:2855 [37mdebug[39m: [37m[Body Parser] GET /@fs/C:/royals_decording%20webbbbbbbbb/node_modules/.vite/deps/react.js?v=84fcb9ce - Content-Length: Unknown[39m
2026-04-07 00:28:55:2855 [37mdebug[39m: [37m[Body Parser] GET /@fs/C:/royals_decording%20webbbbbbbbb/node_modules/.vite/deps/@radix-ui_react-tooltip.js?v=3def299d - Content-Length: Unknown[39m
2026-04-07 00:28:55:2855 [35mhttp[39m: [35mGET /@fs/C:/royals_decording%20webbbbbbbbb/node_modules/.vite/deps/react_jsx-dev-runtime.js?v=84fcb9ce 200 - - 1778.711 ms[39m
2026-04-07 00:28:55:2855 [35mhttp[39m: [35mGET /@fs/C:/royals_decording%20webbbbbbbbb/node_modules/.vite/deps/react-dom_client.js?v=971053f1 200 - - 1776.951 ms[39m
2026-04-07 00:28:55:2855 [35mhttp[39m: [35mGET /@fs/C:/royals_decording%20webbbbbbbbb/node_modules/.vite/deps/wouter.js?v=ce2c472f 200 - - 1665.519 ms[39m
2026-04-07 00:28:55:2855 [35mhttp[39m: [35mGET /@fs/C:/royals_decording%20webbbbbbbbb/node_modules/.vite/deps/@radix-ui_react-tooltip.js?v=3def299d 200 - - 32.931 ms[39m
2026-04-07 00:28:55:2855 [35mhttp[39m: [35mGET /@fs/C:/royals_decording%20webbbbbbbbb/node_modules/.vite/deps/react.js?v=84fcb9ce 200 - - 36.435 ms[39m
2026-04-07 00:28:55:2855 [35mhttp[39m: [35mGET /@fs/C:/royals_decording%20webbbbbbbbb/node_modules/.vite/deps/@tanstack_react-query.js?v=1f39d8f8 200 - - 1673.129 ms[39m
2026-04-07 00:28:55:2855 [37mdebug[39m: [37m[Body Parser] GET /src/lib/utils.ts - Content-Length: Unknown[39m
2026-04-07 00:28:55:2855 [35mhttp[39m: [35mGET /src/lib/utils.ts 200 - - 0.657 ms[39m
2026-04-07 00:28:55:2855 [37mdebug[39m: [37m[Body Parser] GET /@fs/C:/royals_decording%20webbbbbbbbb/node_modules/.vite/deps/lucide-react.js?v=d1ec135c - Content-Length: Unknown[39m
2026-04-07 00:28:55:2855 [37mdebug[39m: [37m[Body Parser] GET /src/components/ui/card.tsx - Content-Length: Unknown[39m
2026-04-07 00:28:55:2855 [35mhttp[39m: [35mGET /src/components/ui/card.tsx 200 - - 0.589 ms[39m
2026-04-07 00:28:55:2855 [37mdebug[39m: [37m[Body Parser] GET /src/components/ui/button.tsx - Content-Length: Unknown[39m
2026-04-07 00:28:55:2855 [35mhttp[39m: [35mGET /src/components/ui/button.tsx 200 - - 0.580 ms[39m
2026-04-07 00:28:55:2855 [37mdebug[39m: [37m[Body Parser] GET /src/components/ui/input.tsx - Content-Length: Unknown[39m
2026-04-07 00:28:55:2855 [35mhttp[39m: [35mGET /src/components/ui/input.tsx 200 - - 0.521 ms[39m
2026-04-07 00:28:55:2855 [37mdebug[39m: [37m[Body Parser] GET /src/components/ui/select.tsx - Content-Length: Unknown[39m
2026-04-07 00:28:55:2855 [35mhttp[39m: [35mGET /src/components/ui/select.tsx 200 - - 0.679 ms[39m
2026-04-07 00:28:55:2855 [37mdebug[39m: [37m[Body Parser] GET /src/components/ui/badge.tsx - Content-Length: Unknown[39m
2026-04-07 00:28:55:2855 [35mhttp[39m: [35mGET /src/components/ui/badge.tsx 200 - - 0.629 ms[39m
2026-04-07 00:28:55:2855 [37mdebug[39m: [37m[Body Parser] GET /src/components/layout/Header.tsx - Content-Length: Unknown[39m
2026-04-07 00:28:55:2855 [35mhttp[39m: [35mGET /src/components/layout/Header.tsx 200 - - 0.936 ms[39m
2026-04-07 00:28:55:2855 [37mdebug[39m: [37m[Body Parser] GET /src/components/layout/Footer.tsx - Content-Length: Unknown[39m
2026-04-07 00:28:55:2855 [35mhttp[39m: [35mGET /src/components/layout/Footer.tsx 200 - - 0.923 ms[39m
2026-04-07 00:28:55:2855 [37mdebug[39m: [37m[Body Parser] GET /src/components/common/BackToTop.tsx - Content-Length: Unknown[39m
2026-04-07 00:28:55:2855 [35mhttp[39m: [35mGET /src/components/common/BackToTop.tsx 200 - - 0.605 ms[39m
2026-04-07 00:28:55:2855 [35mhttp[39m: [35mGET /@fs/C:/royals_decording%20webbbbbbbbb/node_modules/.vite/deps/lucide-react.js?v=d1ec135c 200 - - 20.812 ms[39m
2026-04-07 00:28:55:2855 [37mdebug[39m: [37m[Body Parser] GET /src/components/product/ProductCard.tsx - Content-Length: Unknown[39m
2026-04-07 00:28:55:2855 [35mhttp[39m: [35mGET /src/components/product/ProductCard.tsx 200 - - 1.291 ms[39m
2026-04-07 00:28:55:2855 [37mdebug[39m: [37m[Body Parser] GET /src/data/homepage-products.ts - Content-Length: Unknown[39m
2026-04-07 00:28:55:2855 [35mhttp[39m: [35mGET /src/data/homepage-products.ts 304 - - 0.497 ms[39m
2026-04-07 00:28:55:2855 [37mdebug[39m: [37m[Body Parser] GET /src/hooks/useCart.ts - Content-Length: Unknown[39m
2026-04-07 00:28:55:2855 [35mhttp[39m: [35mGET /src/hooks/useCart.ts 200 - - 0.501 ms[39m
2026-04-07 00:28:55:2855 [37mdebug[39m: [37m[Body Parser] GET /src/components/product/CategoryCard.tsx - Content-Length: Unknown[39m
2026-04-07 00:28:55:2855 [35mhttp[39m: [35mGET /src/components/product/CategoryCard.tsx 200 - - 0.519 ms[39m
2026-04-07 00:28:55:2855 [37mdebug[39m: [37m[Body Parser] GET /src/components/ui/separator.tsx - Content-Length: Unknown[39m
2026-04-07 00:28:55:2855 [35mhttp[39m: [35mGET /src/components/ui/separator.tsx 200 - - 0.462 ms[39m
2026-04-07 00:28:55:2855 [37mdebug[39m: [37m[Body Parser] GET /src/components/ui/dialog.tsx - Content-Length: Unknown[39m
2026-04-07 00:28:55:2855 [35mhttp[39m: [35mGET /src/components/ui/dialog.tsx 200 - - 0.983 ms[39m
2026-04-07 00:28:55:2855 [37mdebug[39m: [37m[Body Parser] GET /src/components/ui/label.tsx - Content-Length: Unknown[39m
2026-04-07 00:28:55:2855 [35mhttp[39m: [35mGET /src/components/ui/label.tsx 200 - - 0.675 ms[39m
2026-04-07 00:28:55:2855 [37mdebug[39m: [37m[Body Parser] GET /src/components/ui/textarea.tsx - Content-Length: Unknown[39m
2026-04-07 00:28:55:2855 [35mhttp[39m: [35mGET /src/components/ui/textarea.tsx 200 - - 0.733 ms[39m
2026-04-07 00:28:55:2855 [37mdebug[39m: [37m[Body Parser] GET /src/components/ui/ImageUpload.tsx - Content-Length: Unknown[39m
2026-04-07 00:28:55:2855 [35mhttp[39m: [35mGET /src/components/ui/ImageUpload.tsx 200 - - 0.701 ms[39m
2026-04-07 00:28:55:2855 [37mdebug[39m: [37m[Body Parser] GET /@fs/C:/royals_decording%20webbbbbbbbb/node_modules/.vite/deps/@radix-ui_react-toast.js?v=0bc93c64 - Content-Length: Unknown[39m
2026-04-07 00:28:55:2855 [35mhttp[39m: [35mGET /@fs/C:/royals_decording%20webbbbbbbbb/node_modules/.vite/deps/@radix-ui_react-toast.js?v=0bc93c64 200 - - 0.549 ms[39m
2026-04-07 00:28:55:2855 [37mdebug[39m: [37m[Body Parser] GET /@fs/C:/royals_decording%20webbbbbbbbb/node_modules/.vite/deps/class-variance-authority.js?v=735446b9 - Content-Length: Unknown[39m
2026-04-07 00:28:55:2855 [35mhttp[39m: [35mGET /@fs/C:/royals_decording%20webbbbbbbbb/node_modules/.vite/deps/class-variance-authority.js?v=735446b9 200 - - 0.511 ms[39m
2026-04-07 00:28:55:2855 [37mdebug[39m: [37m[Body Parser] GET /@fs/C:/royals_decording%20webbbbbbbbb/node_modules/.vite/deps/chunk-3TFVT2CW.js?v=1ccf0c1b - Content-Length: Unknown[39m
2026-04-07 00:28:55:2855 [35mhttp[39m: [35mGET /@fs/C:/royals_decording%20webbbbbbbbb/node_modules/.vite/deps/chunk-3TFVT2CW.js?v=1ccf0c1b 200 - - 0.983 ms[39m
2026-04-07 00:28:55:2855 [37mdebug[39m: [37m[Body Parser] GET /@fs/C:/royals_decording%20webbbbbbbbb/node_modules/.vite/deps/chunk-4MBMRILA.js?v=1ccf0c1b - Content-Length: Unknown[39m
2026-04-07 00:28:55:2855 [35mhttp[39m: [35mGET /@fs/C:/royals_decording%20webbbbbbbbb/node_modules/.vite/deps/chunk-4MBMRILA.js?v=1ccf0c1b 200 - - 0.750 ms[39m
2026-04-07 00:28:55:2855 [37mdebug[39m: [37m[Body Parser] GET /@fs/C:/royals_decording%20webbbbbbbbb/node_modules/.vite/deps/chunk-WERSD76P.js?v=1ccf0c1b - Content-Length: Unknown[39m
2026-04-07 00:28:55:2855 [35mhttp[39m: [35mGET /@fs/C:/royals_decording%20webbbbbbbbb/node_modules/.vite/deps/chunk-WERSD76P.js?v=1ccf0c1b 200 - - 1.585 ms[39m
2026-04-07 00:28:55:2855 [37mdebug[39m: [37m[Body Parser] GET /@fs/C:/royals_decording%20webbbbbbbbb/node_modules/.vite/deps/chunk-ZWWU2DZA.js?v=1ccf0c1b - Content-Length: Unknown[39m
2026-04-07 00:28:55:2855 [35mhttp[39m: [35mGET /@fs/C:/royals_decording%20webbbbbbbbb/node_modules/.vite/deps/chunk-ZWWU2DZA.js?v=1ccf0c1b 200 - - 0.745 ms[39m
2026-04-07 00:28:55:2855 [37mdebug[39m: [37m[Body Parser] GET /@fs/C:/royals_decording%20webbbbbbbbb/node_modules/.vite/deps/chunk-UGDH3RVC.js?v=1ccf0c1b - Content-Length: Unknown[39m
2026-04-07 00:28:55:2855 [35mhttp[39m: [35mGET /@fs/C:/royals_decording%20webbbbbbbbb/node_modules/.vite/deps/chunk-UGDH3RVC.js?v=1ccf0c1b 200 - - 0.816 ms[39m
2026-04-07 00:28:55:2855 [37mdebug[39m: [37m[Body Parser] GET /@fs/C:/royals_decording%20webbbbbbbbb/node_modules/.vite/deps/chunk-GN2RGETP.js?v=1ccf0c1b - Content-Length: Unknown[39m
2026-04-07 00:28:55:2855 [35mhttp[39m: [35mGET /@fs/C:/royals_decording%20webbbbbbbbb/node_modules/.vite/deps/chunk-GN2RGETP.js?v=1ccf0c1b 200 - - 0.582 ms[39m
2026-04-07 00:28:55:2855 [37mdebug[39m: [37m[Body Parser] GET /@fs/C:/royals_decording%20webbbbbbbbb/node_modules/.vite/deps/chunk-SMC4D6RM.js?v=1ccf0c1b - Content-Length: Unknown[39m
2026-04-07 00:28:55:2855 [35mhttp[39m: [35mGET /@fs/C:/royals_decording%20webbbbbbbbb/node_modules/.vite/deps/chunk-SMC4D6RM.js?v=1ccf0c1b 200 - - 0.706 ms[39m
2026-04-07 00:28:55:2855 [37mdebug[39m: [37m[Body Parser] GET /@fs/C:/royals_decording%20webbbbbbbbb/node_modules/.vite/deps/chunk-XXI3UTWJ.js?v=1ccf0c1b - Content-Length: Unknown[39m
2026-04-07 00:28:55:2855 [35mhttp[39m: [35mGET /@fs/C:/royals_decording%20webbbbbbbbb/node_modules/.vite/deps/chunk-XXI3UTWJ.js?v=1ccf0c1b 200 - - 0.618 ms[39m
2026-04-07 00:28:55:2855 [37mdebug[39m: [37m[Body Parser] GET /@fs/C:/royals_decording%20webbbbbbbbb/node_modules/.vite/deps/chunk-GVTGVYSA.js?v=1ccf0c1b - Content-Length: Unknown[39m
2026-04-07 00:28:55:2855 [35mhttp[39m: [35mGET /@fs/C:/royals_decording%20webbbbbbbbb/node_modules/.vite/deps/chunk-GVTGVYSA.js?v=1ccf0c1b 200 - - 0.508 ms[39m
2026-04-07 00:28:55:2855 [37mdebug[39m: [37m[Body Parser] GET /@fs/C:/royals_decording%20webbbbbbbbb/node_modules/.vite/deps/chunk-5S42QOQO.js?v=1ccf0c1b - Content-Length: Unknown[39m
2026-04-07 00:28:55:2855 [35mhttp[39m: [35mGET /@fs/C:/royals_decording%20webbbbbbbbb/node_modules/.vite/deps/chunk-5S42QOQO.js?v=1ccf0c1b 200 - - 0.601 ms[39m
2026-04-07 00:28:55:2855 [37mdebug[39m: [37m[Body Parser] GET /@fs/C:/royals_decording%20webbbbbbbbb/node_modules/.vite/deps/chunk-S77I6LSE.js?v=1ccf0c1b - Content-Length: Unknown[39m
2026-04-07 00:28:55:2855 [35mhttp[39m: [35mGET /@fs/C:/royals_decording%20webbbbbbbbb/node_modules/.vite/deps/chunk-S77I6LSE.js?v=1ccf0c1b 200 - - 0.709 ms[39m
2026-04-07 00:28:55:2855 [37mdebug[39m: [37m[Body Parser] GET /@fs/C:/royals_decording%20webbbbbbbbb/node_modules/.vite/deps/clsx.js?v=3fd749e9 - Content-Length: Unknown[39m
2026-04-07 00:28:55:2855 [35mhttp[39m: [35mGET /@fs/C:/royals_decording%20webbbbbbbbb/node_modules/.vite/deps/clsx.js?v=3fd749e9 200 - - 0.537 ms[39m
2026-04-07 00:28:55:2855 [37mdebug[39m: [37m[Body Parser] GET /@fs/C:/royals_decording%20webbbbbbbbb/node_modules/.vite/deps/tailwind-merge.js?v=821ab906 - Content-Length: Unknown[39m
2026-04-07 00:28:55:2855 [35mhttp[39m: [35mGET /@fs/C:/royals_decording%20webbbbbbbbb/node_modules/.vite/deps/tailwind-merge.js?v=821ab906 200 - - 0.680 ms[39m
2026-04-07 00:28:55:2855 [37mdebug[39m: [37m[Body Parser] GET /@fs/C:/royals_decording%20webbbbbbbbb/node_modules/.vite/deps/@radix-ui_react-slot.js?v=c9cd2512 - Content-Length: Unknown[39m
2026-04-07 00:28:55:2855 [35mhttp[39m: [35mGET /@fs/C:/royals_decording%20webbbbbbbbb/node_modules/.vite/deps/@radix-ui_react-slot.js?v=c9cd2512 200 - - 0.519 ms[39m
2026-04-07 00:28:55:2855 [37mdebug[39m: [37m[Body Parser] GET /@fs/C:/royals_decording%20webbbbbbbbb/node_modules/.vite/deps/@radix-ui_react-select.js?v=e096bc20 - Content-Length: Unknown[39m
2026-04-07 00:28:55:2855 [35mhttp[39m: [35mGET /@fs/C:/royals_decording%20webbbbbbbbb/node_modules/.vite/deps/@radix-ui_react-select.js?v=e096bc20 200 - - 0.598 ms[39m
2026-04-07 00:28:55:2855 [37mdebug[39m: [37m[Body Parser] GET /src/components/common/ThemeToggle.tsx - Content-Length: Unknown[39m
2026-04-07 00:28:55:2855 [35mhttp[39m: [35mGET /src/components/common/ThemeToggle.tsx 200 - - 0.570 ms[39m
2026-04-07 00:28:55:2855 [37mdebug[39m: [37m[Body Parser] GET /@fs/C:/royals_decording%20webbbbbbbbb/node_modules/.vite/deps/@radix-ui_react-separator.js?v=aa20ec63 - Content-Length: Unknown[39m
2026-04-07 00:28:55:2855 [35mhttp[39m: [35mGET /@fs/C:/royals_decording%20webbbbbbbbb/node_modules/.vite/deps/@radix-ui_react-separator.js?v=aa20ec63 200 - - 0.553 ms[39m
2026-04-07 00:28:55:2855 [37mdebug[39m: [37m[Body Parser] GET /src/lib/authUtils.ts - Content-Length: Unknown[39m
2026-04-07 00:28:55:2855 [35mhttp[39m: [35mGET /src/lib/authUtils.ts 304 - - 0.458 ms[39m
2026-04-07 00:28:55:2855 [37mdebug[39m: [37m[Body Parser] GET /@fs/C:/royals_decording%20webbbbbbbbb/node_modules/.vite/deps/@radix-ui_react-dialog.js?v=3758798e - Content-Length: Unknown[39m
2026-04-07 00:28:55:2855 [35mhttp[39m: [35mGET /@fs/C:/royals_decording%20webbbbbbbbb/node_modules/.vite/deps/@radix-ui_react-dialog.js?v=3758798e 200 - - 0.573 ms[39m
2026-04-07 00:28:55:2855 [37mdebug[39m: [37m[Body Parser] GET /@fs/C:/royals_decording%20webbbbbbbbb/node_modules/.vite/deps/@radix-ui_react-label.js?v=b49fc225 - Content-Length: Unknown[39m
2026-04-07 00:28:55:2855 [35mhttp[39m: [35mGET /@fs/C:/royals_decording%20webbbbbbbbb/node_modules/.vite/deps/@radix-ui_react-label.js?v=b49fc225 200 - - 0.555 ms[39m
2026-04-07 00:28:55:2855 [37mdebug[39m: [37m[Body Parser] GET /@fs/C:/royals_decording%20webbbbbbbbb/node_modules/.vite/deps/chunk-7AZLRN3C.js?v=1ccf0c1b - Content-Length: Unknown[39m
2026-04-07 00:28:55:2855 [35mhttp[39m: [35mGET /@fs/C:/royals_decording%20webbbbbbbbb/node_modules/.vite/deps/chunk-7AZLRN3C.js?v=1ccf0c1b 200 - - 0.552 ms[39m
2026-04-07 00:28:55:2855 [37mdebug[39m: [37m[Body Parser] GET /@fs/C:/royals_decording%20webbbbbbbbb/node_modules/.vite/deps/chunk-U7P2NEEE.js?v=1ccf0c1b - Content-Length: Unknown[39m
2026-04-07 00:28:55:2855 [35mhttp[39m: [35mGET /@fs/C:/royals_decording%20webbbbbbbbb/node_modules/.vite/deps/chunk-U7P2NEEE.js?v=1ccf0c1b 200 - - 0.503 ms[39m
2026-04-07 00:28:55:2855 [37mdebug[39m: [37m[Body Parser] GET /@fs/C:/royals_decording%20webbbbbbbbb/node_modules/.vite/deps/chunk-BVEABLJX.js?v=1ccf0c1b - Content-Length: Unknown[39m
2026-04-07 00:28:55:2855 [35mhttp[39m: [35mGET /@fs/C:/royals_decording%20webbbbbbbbb/node_modules/.vite/deps/chunk-BVEABLJX.js?v=1ccf0c1b 200 - - 0.532 ms[39m
2026-04-07 00:28:55:2855 [37mdebug[39m: [37m[Body Parser] GET /api/auth/user - Content-Length: Unknown[39m
2026-04-07 00:28:55:2855 [35mhttp[39m: [35mGET /api/auth/user 200 85 - 4.254 ms[39m
2026-04-07 00:28:55:2855 [37mdebug[39m: [37m[Body Parser] GET /favicon.ico - Content-Length: Unknown[39m
2026-04-07 00:28:55:2855 [35mhttp[39m: [35mGET /favicon.ico 200 - - 5.484 ms[39m
2026-04-07 00:28:55:2855 [37mdebug[39m: [37m[Body Parser] GET /api/admin/products - Content-Length: Unknown[39m
2026-04-07 00:28:55:2855 [35mhttp[39m: [35mGET /api/admin/products 200 17772 - 26.984 ms[39m
2026-04-07 00:28:55:2855 [37mdebug[39m: [37m[Body Parser] GET /api/admin/orders - Content-Length: Unknown[39m
2026-04-07 00:28:55:2855 [35mhttp[39m: [35mGET /api/admin/orders 304 - - 51.010 ms[39m
2026-04-07 00:29:57:2957 [37mdebug[39m: [37m[Body Parser] GET /favicon.ico - Content-Length: Unknown[39m
2026-04-07 00:29:57:2957 [35mhttp[39m: [35mGET /favicon.ico 200 - - 8.255 ms[39m
2026-04-07 00:31:00:310 [37mdebug[39m: [37m[Body Parser] GET /api/admin/products - Content-Length: Unknown[39m
2026-04-07 00:31:00:310 [37mdebug[39m: [37m[Body Parser] GET /favicon.ico - Content-Length: Unknown[39m
2026-04-07 00:31:00:310 [35mhttp[39m: [35mGET /favicon.ico 200 - - 7.269 ms[39m
2026-04-07 00:31:00:310 [35mhttp[39m: [35mGET /api/admin/products 200 17772 - 23.671 ms[39m
2026-04-07 00:31:00:310 [37mdebug[39m: [37m[Body Parser] GET /api/admin/orders - Content-Length: Unknown[39m
2026-04-07 00:31:00:310 [35mhttp[39m: [35mGET /api/admin/orders 304 - - 28.065 ms[39m
2026-04-07 00:32:26:3226 [37mdebug[39m: [37m[Body Parser] GET /admin - Content-Length: Unknown[39m
2026-04-07 00:32:26:3226 [35mhttp[39m: [35mGET /admin 200 - - 6.873 ms[39m
2026-04-07 00:32:26:3226 [37mdebug[39m: [37m[Body Parser] GET /@vite/client - Content-Length: Unknown[39m
2026-04-07 00:32:26:3226 [35mhttp[39m: [35mGET /@vite/client 304 - - 1.498 ms[39m
2026-04-07 00:32:26:3226 [37mdebug[39m: [37m[Body Parser] GET /src/main.tsx?v=ghdFbdrvkNM64TqV8phc8 - Content-Length: Unknown[39m
2026-04-07 00:32:26:3226 [35mhttp[39m: [35mGET /src/main.tsx?v=ghdFbdrvkNM64TqV8phc8 200 - - 1.382 ms[39m
2026-04-07 00:32:26:3226 [37mdebug[39m: [37m[Body Parser] GET /@react-refresh - Content-Length: Unknown[39m
2026-04-07 00:32:26:3226 [35mhttp[39m: [35mGET /@react-refresh 304 - - 1.061 ms[39m
2026-04-07 00:32:26:3226 [37mdebug[39m: [37m[Body Parser] GET /src/App.tsx?v=ghdFbdrvkNM64TqV8phc8 - Content-Length: Unknown[39m
2026-04-07 00:32:26:3226 [35mhttp[39m: [35mGET /src/App.tsx?v=ghdFbdrvkNM64TqV8phc8 200 - - 1.212 ms[39m
2026-04-07 00:32:26:3226 [37mdebug[39m: [37m[Body Parser] GET /src/index.css?v=ghdFbdrvkNM64TqV8phc8 - Content-Length: Unknown[39m
2026-04-07 00:32:26:3226 [35mhttp[39m: [35mGET /src/index.css?v=ghdFbdrvkNM64TqV8phc8 200 - - 0.841 ms[39m
2026-04-07 00:32:26:3226 [37mdebug[39m: [37m[Body Parser] GET /@fs/C:/royals_decording%20webbbbbbbbb/node_modules/vite/dist/client/env.mjs - Content-Length: Unknown[39m
2026-04-07 00:32:26:3226 [35mhttp[39m: [35mGET /@fs/C:/royals_decording%20webbbbbbbbb/node_modules/vite/dist/client/env.mjs 304 - - 1.193 ms[39m
2026-04-07 00:32:26:3226 [37mdebug[39m: [37m[Body Parser] GET /src/lib/queryClient.ts - Content-Length: Unknown[39m
2026-04-07 00:32:26:3226 [35mhttp[39m: [35mGET /src/lib/queryClient.ts 304 - - 1.393 ms[39m
2026-04-07 00:32:26:3226 [37mdebug[39m: [37m[Body Parser] GET /src/components/ui/toaster.tsx - Content-Length: Unknown[39m
2026-04-07 00:32:26:3226 [35mhttp[39m: [35mGET /src/components/ui/toaster.tsx 304 - - 0.868 ms[39m
2026-04-07 00:32:26:3226 [37mdebug[39m: [37m[Body Parser] GET /src/components/ui/tooltip.tsx - Content-Length: Unknown[39m
2026-04-07 00:32:26:3226 [35mhttp[39m: [35mGET /src/components/ui/tooltip.tsx 304 - - 0.713 ms[39m
2026-04-07 00:32:26:3226 [37mdebug[39m: [37m[Body Parser] GET /src/contexts/ThemeContext.tsx - Content-Length: Unknown[39m
2026-04-07 00:32:26:3226 [35mhttp[39m: [35mGET /src/contexts/ThemeContext.tsx 304 - - 0.764 ms[39m
2026-04-07 00:32:26:3226 [37mdebug[39m: [37m[Body Parser] GET /src/hooks/useAuth.ts - Content-Length: Unknown[39m
2026-04-07 00:32:26:3226 [35mhttp[39m: [35mGET /src/hooks/useAuth.ts 304 - - 0.688 ms[39m
2026-04-07 00:32:26:3226 [37mdebug[39m: [37m[Body Parser] GET /src/pages/not-found.tsx - Content-Length: Unknown[39m
2026-04-07 00:32:26:3226 [35mhttp[39m: [35mGET /src/pages/not-found.tsx 304 - - 0.646 ms[39m
2026-04-07 00:32:26:3226 [37mdebug[39m: [37m[Body Parser] GET /src/pages/Products.tsx - Content-Length: Unknown[39m
2026-04-07 00:32:26:3226 [35mhttp[39m: [35mGET /src/pages/Products.tsx 304 - - 0.685 ms[39m
2026-04-07 00:32:26:3226 [37mdebug[39m: [37m[Body Parser] GET /src/pages/ProductDetail.tsx - Content-Length: Unknown[39m
2026-04-07 00:32:26:3226 [35mhttp[39m: [35mGET /src/pages/ProductDetail.tsx 304 - - 0.645 ms[39m
2026-04-07 00:32:26:3226 [37mdebug[39m: [37m[Body Parser] GET /src/pages/Cart.tsx - Content-Length: Unknown[39m
2026-04-07 00:32:26:3226 [35mhttp[39m: [35mGET /src/pages/Cart.tsx 304 - - 2.243 ms[39m
2026-04-07 00:32:26:3226 [37mdebug[39m: [37m[Body Parser] GET /src/pages/Home.tsx - Content-Length: Unknown[39m
2026-04-07 00:32:26:3226 [35mhttp[39m: [35mGET /src/pages/Home.tsx 304 - - 0.765 ms[39m
2026-04-07 00:32:26:3226 [37mdebug[39m: [37m[Body Parser] GET /src/pages/Checkout.tsx - Content-Length: Unknown[39m
2026-04-07 00:32:26:3226 [35mhttp[39m: [35mGET /src/pages/Checkout.tsx 304 - - 0.821 ms[39m
2026-04-07 00:32:26:3226 [37mdebug[39m: [37m[Body Parser] GET /src/pages/OrderConfirmation.tsx - Content-Length: Unknown[39m
2026-04-07 00:32:26:3226 [35mhttp[39m: [35mGET /src/pages/OrderConfirmation.tsx 304 - - 0.847 ms[39m
2026-04-07 00:32:26:3226 [37mdebug[39m: [37m[Body Parser] GET /src/pages/About.tsx - Content-Length: Unknown[39m
2026-04-07 00:32:26:3226 [35mhttp[39m: [35mGET /src/pages/About.tsx 304 - - 1.020 ms[39m
2026-04-07 00:32:26:3226 [37mdebug[39m: [37m[Body Parser] GET /src/pages/Contact.tsx - Content-Length: Unknown[39m
2026-04-07 00:32:26:3226 [35mhttp[39m: [35mGET /src/pages/Contact.tsx 304 - - 0.929 ms[39m
2026-04-07 00:32:26:3226 [37mdebug[39m: [37m[Body Parser] GET /src/pages/Login.tsx - Content-Length: Unknown[39m
2026-04-07 00:32:26:3226 [35mhttp[39m: [35mGET /src/pages/Login.tsx 304 - - 0.617 ms[39m
2026-04-07 00:32:26:3226 [37mdebug[39m: [37m[Body Parser] GET /src/pages/Register.tsx - Content-Length: Unknown[39m
2026-04-07 00:32:26:3226 [35mhttp[39m: [35mGET /src/pages/Register.tsx 304 - - 0.812 ms[39m
2026-04-07 00:32:26:3226 [37mdebug[39m: [37m[Body Parser] GET /src/pages/Profile.tsx - Content-Length: Unknown[39m
2026-04-07 00:32:26:3226 [35mhttp[39m: [35mGET /src/pages/Profile.tsx 304 - - 1.989 ms[39m
2026-04-07 00:32:26:3226 [37mdebug[39m: [37m[Body Parser] GET /src/pages/Wishlist.tsx - Content-Length: Unknown[39m
2026-04-07 00:32:26:3226 [35mhttp[39m: [35mGET /src/pages/Wishlist.tsx 304 - - 0.682 ms[39m
2026-04-07 00:32:26:3226 [37mdebug[39m: [37m[Body Parser] GET /src/pages/GiftCards.tsx - Content-Length: Unknown[39m
2026-04-07 00:32:26:3226 [35mhttp[39m: [35mGET /src/pages/GiftCards.tsx 304 - - 1.078 ms[39m
2026-04-07 00:32:26:3226 [37mdebug[39m: [37m[Body Parser] GET /src/pages/StoreLocator.tsx - Content-Length: Unknown[39m
2026-04-07 00:32:26:3226 [35mhttp[39m: [35mGET /src/pages/StoreLocator.tsx 304 - - 1.017 ms[39m
2026-04-07 00:32:26:3226 [37mdebug[39m: [37m[Body Parser] GET /src/pages/Shipping.tsx - Content-Length: Unknown[39m
2026-04-07 00:32:26:3226 [35mhttp[39m: [35mGET /src/pages/Shipping.tsx 304 - - 1.961 ms[39m
2026-04-07 00:32:26:3226 [37mdebug[39m: [37m[Body Parser] GET /src/pages/Returns.tsx - Content-Length: Unknown[39m
2026-04-07 00:32:26:3226 [35mhttp[39m: [35mGET /src/pages/Returns.tsx 304 - - 1.075 ms[39m
2026-04-07 00:32:26:3226 [37mdebug[39m: [37m[Body Parser] GET /src/pages/SizeGuide.tsx - Content-Length: Unknown[39m
2026-04-07 00:32:26:3226 [35mhttp[39m: [35mGET /src/pages/SizeGuide.tsx 304 - - 0.837 ms[39m
2026-04-07 00:32:26:3226 [37mdebug[39m: [37m[Body Parser] GET /src/pages/FAQ.tsx - Content-Length: Unknown[39m
2026-04-07 00:32:26:3226 [35mhttp[39m: [35mGET /src/pages/FAQ.tsx 304 - - 1.090 ms[39m
2026-04-07 00:32:26:3226 [37mdebug[39m: [37m[Body Parser] GET /src/pages/OrderTracking.tsx - Content-Length: Unknown[39m
2026-04-07 00:32:26:3226 [35mhttp[39m: [35mGET /src/pages/OrderTracking.tsx 304 - - 2.266 ms[39m
2026-04-07 00:32:26:3226 [37mdebug[39m: [37m[Body Parser] GET /src/pages/Privacy.tsx - Content-Length: Unknown[39m
2026-04-07 00:32:26:3226 [35mhttp[39m: [35mGET /src/pages/Privacy.tsx 304 - - 1.299 ms[39m
2026-04-07 00:32:26:3226 [37mdebug[39m: [37m[Body Parser] GET /src/pages/PaymentMethods.tsx - Content-Length: Unknown[39m
2026-04-07 00:32:26:3226 [35mhttp[39m: [35mGET /src/pages/PaymentMethods.tsx 304 - - 1.111 ms[39m
2026-04-07 00:32:26:3226 [37mdebug[39m: [37m[Body Parser] GET /src/pages/Terms.tsx - Content-Length: Unknown[39m
2026-04-07 00:32:26:3226 [35mhttp[39m: [35mGET /src/pages/Terms.tsx 304 - - 0.775 ms[39m
2026-04-07 00:32:26:3226 [37mdebug[39m: [37m[Body Parser] GET /src/pages/Cookies.tsx - Content-Length: Unknown[39m
2026-04-07 00:32:26:3226 [35mhttp[39m: [35mGET /src/pages/Cookies.tsx 304 - - 0.591 ms[39m
2026-04-07 00:32:26:3226 [37mdebug[39m: [37m[Body Parser] GET /src/pages/MyOrders.tsx - Content-Length: Unknown[39m
2026-04-07 00:32:26:3226 [35mhttp[39m: [35mGET /src/pages/MyOrders.tsx 304 - - 0.565 ms[39m
2026-04-07 00:32:26:3226 [37mdebug[39m: [37m[Body Parser] GET /src/pages/CompareProducts.tsx - Content-Length: Unknown[39m
2026-04-07 00:32:26:3226 [35mhttp[39m: [35mGET /src/pages/CompareProducts.tsx 304 - - 0.680 ms[39m
2026-04-07 00:32:26:3226 [37mdebug[39m: [37m[Body Parser] GET /src/pages/AddressBook.tsx - Content-Length: Unknown[39m
2026-04-07 00:32:26:3226 [35mhttp[39m: [35mGET /src/pages/AddressBook.tsx 304 - - 0.532 ms[39m
2026-04-07 00:32:26:3226 [37mdebug[39m: [37m[Body Parser] GET /src/pages/Notifications.tsx - Content-Length: Unknown[39m
2026-04-07 00:32:26:3226 [35mhttp[39m: [35mGET /src/pages/Notifications.tsx 304 - - 1.869 ms[39m
2026-04-07 00:32:26:3226 [37mdebug[39m: [37m[Body Parser] GET /src/pages/AdminLogin.tsx - Content-Length: Unknown[39m
2026-04-07 00:32:26:3226 [35mhttp[39m: [35mGET /src/pages/AdminLogin.tsx 304 - - 0.594 ms[39m
2026-04-07 00:32:26:3226 [37mdebug[39m: [37m[Body Parser] GET /src/pages/AdminDashboard.tsx - Content-Length: Unknown[39m
2026-04-07 00:32:26:3226 [35mhttp[39m: [35mGET /src/pages/AdminDashboard.tsx 304 - - 1.194 ms[39m
2026-04-07 00:32:26:3226 [37mdebug[39m: [37m[Body Parser] GET /src/pages/AdminProducts.tsx - Content-Length: Unknown[39m
2026-04-07 00:32:26:3226 [35mhttp[39m: [35mGET /src/pages/AdminProducts.tsx 304 - - 1.101 ms[39m
2026-04-07 00:32:26:3226 [37mdebug[39m: [37m[Body Parser] GET /src/pages/AdminOrders.tsx - Content-Length: Unknown[39m
2026-04-07 00:32:26:3226 [35mhttp[39m: [35mGET /src/pages/AdminOrders.tsx 304 - - 0.750 ms[39m
2026-04-07 00:32:26:3226 [37mdebug[39m: [37m[Body Parser] GET /src/pages/AdminAddProduct.tsx - Content-Length: Unknown[39m
2026-04-07 00:32:26:3226 [35mhttp[39m: [35mGET /src/pages/AdminAddProduct.tsx 304 - - 0.565 ms[39m
2026-04-07 00:32:26:3226 [37mdebug[39m: [37m[Body Parser] GET /src/pages/AdminEditProduct.tsx - Content-Length: Unknown[39m
2026-04-07 00:32:26:3226 [35mhttp[39m: [35mGET /src/pages/AdminEditProduct.tsx 304 - - 0.670 ms[39m
2026-04-07 00:32:26:3226 [37mdebug[39m: [37m[Body Parser] GET /src/components/admin/AdminRoute.tsx - Content-Length: Unknown[39m
2026-04-07 00:32:26:3226 [35mhttp[39m: [35mGET /src/components/admin/AdminRoute.tsx 304 - - 0.620 ms[39m
2026-04-07 00:32:26:3226 [37mdebug[39m: [37m[Body Parser] GET /src/lib/authStore.ts - Content-Length: Unknown[39m
2026-04-07 00:32:26:3226 [35mhttp[39m: [35mGET /src/lib/authStore.ts 304 - - 2.030 ms[39m
2026-04-07 00:32:26:3226 [37mdebug[39m: [37m[Body Parser] GET /src/hooks/use-toast.ts - Content-Length: Unknown[39m
2026-04-07 00:32:26:3226 [35mhttp[39m: [35mGET /src/hooks/use-toast.ts 304 - - 0.540 ms[39m
2026-04-07 00:32:26:3226 [37mdebug[39m: [37m[Body Parser] GET /src/components/ui/toast.tsx - Content-Length: Unknown[39m
2026-04-07 00:32:26:3226 [35mhttp[39m: [35mGET /src/components/ui/toast.tsx 304 - - 0.604 ms[39m
2026-04-07 00:32:26:3226 [37mdebug[39m: [37m[Body Parser] GET /src/lib/utils.ts - Content-Length: Unknown[39m
2026-04-07 00:32:26:3226 [35mhttp[39m: [35mGET /src/lib/utils.ts 304 - - 1.503 ms[39m
2026-04-07 00:32:26:3226 [37mdebug[39m: [37m[Body Parser] GET /src/components/ui/card.tsx - Content-Length: Unknown[39m
2026-04-07 00:32:26:3226 [35mhttp[39m: [35mGET /src/components/ui/card.tsx 304 - - 1.344 ms[39m
2026-04-07 00:32:26:3226 [37mdebug[39m: [37m[Body Parser] GET /src/components/ui/button.tsx - Content-Length: Unknown[39m
2026-04-07 00:32:26:3226 [35mhttp[39m: [35mGET /src/components/ui/button.tsx 304 - - 0.754 ms[39m
2026-04-07 00:32:26:3226 [37mdebug[39m: [37m[Body Parser] GET /src/components/ui/input.tsx - Content-Length: Unknown[39m
2026-04-07 00:32:26:3226 [35mhttp[39m: [35mGET /src/components/ui/input.tsx 304 - - 0.653 ms[39m
2026-04-07 00:32:26:3226 [37mdebug[39m: [37m[Body Parser] GET /src/components/layout/Header.tsx - Content-Length: Unknown[39m
2026-04-07 00:32:26:3226 [35mhttp[39m: [35mGET /src/components/layout/Header.tsx 304 - - 0.827 ms[39m
2026-04-07 00:32:26:3226 [37mdebug[39m: [37m[Body Parser] GET /src/components/ui/select.tsx - Content-Length: Unknown[39m
2026-04-07 00:32:26:3226 [35mhttp[39m: [35mGET /src/components/ui/select.tsx 304 - - 0.718 ms[39m
2026-04-07 00:32:26:3226 [37mdebug[39m: [37m[Body Parser] GET /src/components/ui/badge.tsx - Content-Length: Unknown[39m
2026-04-07 00:32:26:3226 [35mhttp[39m: [35mGET /src/components/ui/badge.tsx 304 - - 0.817 ms[39m
2026-04-07 00:32:26:3226 [37mdebug[39m: [37m[Body Parser] GET /src/components/layout/Footer.tsx - Content-Length: Unknown[39m
2026-04-07 00:32:26:3226 [35mhttp[39m: [35mGET /src/components/layout/Footer.tsx 304 - - 0.882 ms[39m
2026-04-07 00:32:26:3226 [37mdebug[39m: [37m[Body Parser] GET /src/components/common/BackToTop.tsx - Content-Length: Unknown[39m
2026-04-07 00:32:26:3226 [35mhttp[39m: [35mGET /src/components/common/BackToTop.tsx 304 - - 1.415 ms[39m
2026-04-07 00:32:26:3226 [37mdebug[39m: [37m[Body Parser] GET /src/components/product/ProductCard.tsx - Content-Length: Unknown[39m
2026-04-07 00:32:26:3226 [35mhttp[39m: [35mGET /src/components/product/ProductCard.tsx 304 - - 1.230 ms[39m
2026-04-07 00:32:26:3226 [37mdebug[39m: [37m[Body Parser] GET /src/components/ui/separator.tsx - Content-Length: Unknown[39m
2026-04-07 00:32:26:3226 [35mhttp[39m: [35mGET /src/components/ui/separator.tsx 304 - - 0.687 ms[39m
2026-04-07 00:32:26:3226 [37mdebug[39m: [37m[Body Parser] GET /src/data/homepage-products.ts - Content-Length: Unknown[39m
2026-04-07 00:32:26:3226 [35mhttp[39m: [35mGET /src/data/homepage-products.ts 304 - - 0.601 ms[39m
2026-04-07 00:32:26:3226 [37mdebug[39m: [37m[Body Parser] GET /src/hooks/useCart.ts - Content-Length: Unknown[39m
2026-04-07 00:32:26:3226 [35mhttp[39m: [35mGET /src/hooks/useCart.ts 304 - - 0.561 ms[39m
2026-04-07 00:32:26:3226 [37mdebug[39m: [37m[Body Parser] GET /src/components/ui/dialog.tsx - Content-Length: Unknown[39m
2026-04-07 00:32:26:3226 [35mhttp[39m: [35mGET /src/components/ui/dialog.tsx 304 - - 0.705 ms[39m
2026-04-07 00:32:26:3226 [37mdebug[39m: [37m[Body Parser] GET /src/components/product/CategoryCard.tsx - Content-Length: Unknown[39m
2026-04-07 00:32:26:3226 [35mhttp[39m: [35mGET /src/components/product/CategoryCard.tsx 304 - - 0.457 ms[39m
2026-04-07 00:32:26:3226 [37mdebug[39m: [37m[Body Parser] GET /src/components/ui/label.tsx - Content-Length: Unknown[39m
2026-04-07 00:32:26:3226 [35mhttp[39m: [35mGET /src/components/ui/label.tsx 304 - - 0.517 ms[39m
2026-04-07 00:32:26:3226 [37mdebug[39m: [37m[Body Parser] GET /src/components/ui/textarea.tsx - Content-Length: Unknown[39m
2026-04-07 00:32:26:3226 [35mhttp[39m: [35mGET /src/components/ui/textarea.tsx 304 - - 0.602 ms[39m
2026-04-07 00:32:26:3226 [37mdebug[39m: [37m[Body Parser] GET /src/components/ui/ImageUpload.tsx - Content-Length: Unknown[39m
2026-04-07 00:32:26:3226 [35mhttp[39m: [35mGET /src/components/ui/ImageUpload.tsx 304 - - 0.658 ms[39m
2026-04-07 00:32:26:3226 [37mdebug[39m: [37m[Body Parser] GET /src/components/common/ThemeToggle.tsx - Content-Length: Unknown[39m
2026-04-07 00:32:26:3226 [35mhttp[39m: [35mGET /src/components/common/ThemeToggle.tsx 304 - - 0.646 ms[39m
2026-04-07 00:32:26:3226 [37mdebug[39m: [37m[Body Parser] GET /src/lib/authUtils.ts - Content-Length: Unknown[39m
2026-04-07 00:32:26:3226 [35mhttp[39m: [35mGET /src/lib/authUtils.ts 304 - - 0.793 ms[39m
2026-04-07 00:32:26:3226 [37mdebug[39m: [37m[Body Parser] GET /api/auth/user - Content-Length: Unknown[39m
2026-04-07 00:32:26:3226 [35mhttp[39m: [35mGET /api/auth/user 304 - - 3.686 ms[39m
2026-04-07 00:32:26:3226 [37mdebug[39m: [37m[Body Parser] GET /favicon.ico - Content-Length: Unknown[39m
2026-04-07 00:32:26:3226 [35mhttp[39m: [35mGET /favicon.ico 200 - - 5.276 ms[39m
2026-04-07 00:32:26:3226 [37mdebug[39m: [37m[Body Parser] GET /api/admin/products - Content-Length: Unknown[39m
2026-04-07 00:32:26:3226 [35mhttp[39m: [35mGET /api/admin/products 200 17772 - 19.357 ms[39m
2026-04-07 00:32:26:3226 [37mdebug[39m: [37m[Body Parser] GET /api/admin/orders - Content-Length: Unknown[39m
2026-04-07 00:32:26:3226 [35mhttp[39m: [35mGET /api/admin/orders 304 - - 28.548 ms[39m
2026-04-07 00:32:26:3226 [37mdebug[39m: [37m[Body Parser] GET /admin - Content-Length: Unknown[39m
2026-04-07 00:32:26:3226 [35mhttp[39m: [35mGET /admin 200 - - 5.352 ms[39m
2026-04-07 00:32:26:3226 [37mdebug[39m: [37m[Body Parser] GET /src/main.tsx?v=HPS1ywzSKL5wWMhplSJo3 - Content-Length: Unknown[39m
2026-04-07 00:32:26:3226 [35mhttp[39m: [35mGET /src/main.tsx?v=HPS1ywzSKL5wWMhplSJo3 200 - - 1.710 ms[39m
2026-04-07 00:32:26:3226 [37mdebug[39m: [37m[Body Parser] GET /@vite/client - Content-Length: Unknown[39m
2026-04-07 00:32:26:3226 [35mhttp[39m: [35mGET /@vite/client 304 - - 1.072 ms[39m
2026-04-07 00:32:26:3226 [37mdebug[39m: [37m[Body Parser] GET /@react-refresh - Content-Length: Unknown[39m
2026-04-07 00:32:26:3226 [35mhttp[39m: [35mGET /@react-refresh 304 - - 1.068 ms[39m
2026-04-07 00:32:26:3226 [37mdebug[39m: [37m[Body Parser] GET /src/App.tsx?v=HPS1ywzSKL5wWMhplSJo3 - Content-Length: Unknown[39m
2026-04-07 00:32:26:3226 [35mhttp[39m: [35mGET /src/App.tsx?v=HPS1ywzSKL5wWMhplSJo3 200 - - 1.614 ms[39m
2026-04-07 00:32:26:3226 [37mdebug[39m: [37m[Body Parser] GET /src/index.css?v=HPS1ywzSKL5wWMhplSJo3 - Content-Length: Unknown[39m
2026-04-07 00:32:26:3226 [35mhttp[39m: [35mGET /src/index.css?v=HPS1ywzSKL5wWMhplSJo3 200 - - 0.935 ms[39m
2026-04-07 00:32:26:3226 [37mdebug[39m: [37m[Body Parser] GET /@fs/C:/royals_decording%20webbbbbbbbb/node_modules/vite/dist/client/env.mjs - Content-Length: Unknown[39m
2026-04-07 00:32:26:3226 [35mhttp[39m: [35mGET /@fs/C:/royals_decording%20webbbbbbbbb/node_modules/vite/dist/client/env.mjs 304 - - 1.241 ms[39m
2026-04-07 00:32:26:3226 [37mdebug[39m: [37m[Body Parser] GET /src/lib/queryClient.ts - Content-Length: Unknown[39m
2026-04-07 00:32:26:3226 [35mhttp[39m: [35mGET /src/lib/queryClient.ts 304 - - 2.058 ms[39m
2026-04-07 00:32:26:3226 [37mdebug[39m: [37m[Body Parser] GET /src/components/ui/toaster.tsx - Content-Length: Unknown[39m
2026-04-07 00:32:26:3226 [35mhttp[39m: [35mGET /src/components/ui/toaster.tsx 304 - - 0.974 ms[39m
2026-04-07 00:32:26:3226 [37mdebug[39m: [37m[Body Parser] GET /src/components/ui/tooltip.tsx - Content-Length: Unknown[39m
2026-04-07 00:32:26:3226 [35mhttp[39m: [35mGET /src/components/ui/tooltip.tsx 304 - - 0.516 ms[39m
2026-04-07 00:32:26:3226 [37mdebug[39m: [37m[Body Parser] GET /src/contexts/ThemeContext.tsx - Content-Length: Unknown[39m
2026-04-07 00:32:26:3226 [35mhttp[39m: [35mGET /src/contexts/ThemeContext.tsx 304 - - 0.405 ms[39m
2026-04-07 00:32:26:3226 [37mdebug[39m: [37m[Body Parser] GET /src/hooks/useAuth.ts - Content-Length: Unknown[39m
2026-04-07 00:32:26:3226 [35mhttp[39m: [35mGET /src/hooks/useAuth.ts 304 - - 0.786 ms[39m
2026-04-07 00:32:26:3226 [37mdebug[39m: [37m[Body Parser] GET /src/pages/not-found.tsx - Content-Length: Unknown[39m
2026-04-07 00:32:26:3226 [35mhttp[39m: [35mGET /src/pages/not-found.tsx 304 - - 0.651 ms[39m
2026-04-07 00:32:26:3226 [37mdebug[39m: [37m[Body Parser] GET /src/pages/Home.tsx - Content-Length: Unknown[39m
2026-04-07 00:32:26:3226 [35mhttp[39m: [35mGET /src/pages/Home.tsx 304 - - 1.025 ms[39m
2026-04-07 00:32:26:3226 [37mdebug[39m: [37m[Body Parser] GET /src/pages/Products.tsx - Content-Length: Unknown[39m
2026-04-07 00:32:26:3226 [35mhttp[39m: [35mGET /src/pages/Products.tsx 304 - - 0.835 ms[39m
2026-04-07 00:32:26:3226 [37mdebug[39m: [37m[Body Parser] GET /src/pages/ProductDetail.tsx - Content-Length: Unknown[39m
2026-04-07 00:32:26:3226 [35mhttp[39m: [35mGET /src/pages/ProductDetail.tsx 304 - - 1.551 ms[39m
2026-04-07 00:32:26:3226 [37mdebug[39m: [37m[Body Parser] GET /src/pages/Cart.tsx - Content-Length: Unknown[39m
2026-04-07 00:32:26:3226 [35mhttp[39m: [35mGET /src/pages/Cart.tsx 304 - - 0.961 ms[39m
2026-04-07 00:32:26:3226 [37mdebug[39m: [37m[Body Parser] GET /src/pages/Checkout.tsx - Content-Length: Unknown[39m
2026-04-07 00:32:26:3226 [35mhttp[39m: [35mGET /src/pages/Checkout.tsx 304 - - 0.720 ms[39m
2026-04-07 00:32:26:3226 [37mdebug[39m: [37m[Body Parser] GET /src/pages/OrderConfirmation.tsx - Content-Length: Unknown[39m
2026-04-07 00:32:26:3226 [35mhttp[39m: [35mGET /src/pages/OrderConfirmation.tsx 304 - - 0.741 ms[39m
2026-04-07 00:32:26:3226 [37mdebug[39m: [37m[Body Parser] GET /src/pages/About.tsx - Content-Length: Unknown[39m
2026-04-07 00:32:26:3226 [35mhttp[39m: [35mGET /src/pages/About.tsx 304 - - 0.654 ms[39m
2026-04-07 00:32:26:3226 [37mdebug[39m: [37m[Body Parser] GET /src/pages/Contact.tsx - Content-Length: Unknown[39m
2026-04-07 00:32:26:3226 [35mhttp[39m: [35mGET /src/pages/Contact.tsx 304 - - 1.867 ms[39m
2026-04-07 00:32:26:3226 [37mdebug[39m: [37m[Body Parser] GET /src/pages/Login.tsx - Content-Length: Unknown[39m
2026-04-07 00:32:26:3226 [35mhttp[39m: [35mGET /src/pages/Login.tsx 304 - - 0.771 ms[39m
2026-04-07 00:32:26:3226 [37mdebug[39m: [37m[Body Parser] GET /src/pages/Register.tsx - Content-Length: Unknown[39m
2026-04-07 00:32:26:3226 [35mhttp[39m: [35mGET /src/pages/Register.tsx 304 - - 0.681 ms[39m
2026-04-07 00:32:26:3226 [37mdebug[39m: [37m[Body Parser] GET /src/pages/Profile.tsx - Content-Length: Unknown[39m
2026-04-07 00:32:26:3226 [35mhttp[39m: [35mGET /src/pages/Profile.tsx 304 - - 0.515 ms[39m
2026-04-07 00:32:26:3226 [37mdebug[39m: [37m[Body Parser] GET /src/pages/Wishlist.tsx - Content-Length: Unknown[39m
2026-04-07 00:32:26:3226 [35mhttp[39m: [35mGET /src/pages/Wishlist.tsx 304 - - 0.629 ms[39m
2026-04-07 00:32:26:3226 [37mdebug[39m: [37m[Body Parser] GET /src/pages/GiftCards.tsx - Content-Length: Unknown[39m
2026-04-07 00:32:26:3226 [35mhttp[39m: [35mGET /src/pages/GiftCards.tsx 304 - - 0.611 ms[39m
2026-04-07 00:32:26:3226 [37mdebug[39m: [37m[Body Parser] GET /src/pages/StoreLocator.tsx - Content-Length: Unknown[39m
2026-04-07 00:32:26:3226 [35mhttp[39m: [35mGET /src/pages/StoreLocator.tsx 304 - - 0.603 ms[39m
2026-04-07 00:32:26:3226 [37mdebug[39m: [37m[Body Parser] GET /src/pages/Shipping.tsx - Content-Length: Unknown[39m
2026-04-07 00:32:26:3226 [35mhttp[39m: [35mGET /src/pages/Shipping.tsx 304 - - 0.551 ms[39m
2026-04-07 00:32:26:3226 [37mdebug[39m: [37m[Body Parser] GET /src/pages/Returns.tsx - Content-Length: Unknown[39m
2026-04-07 00:32:26:3226 [35mhttp[39m: [35mGET /src/pages/Returns.tsx 304 - - 0.578 ms[39m
2026-04-07 00:32:26:3226 [37mdebug[39m: [37m[Body Parser] GET /src/pages/SizeGuide.tsx - Content-Length: Unknown[39m
2026-04-07 00:32:26:3226 [35mhttp[39m: [35mGET /src/pages/SizeGuide.tsx 304 - - 0.613 ms[39m
2026-04-07 00:32:26:3226 [37mdebug[39m: [37m[Body Parser] GET /src/pages/FAQ.tsx - Content-Length: Unknown[39m
2026-04-07 00:32:26:3226 [35mhttp[39m: [35mGET /src/pages/FAQ.tsx 304 - - 0.535 ms[39m
2026-04-07 00:32:26:3226 [37mdebug[39m: [37m[Body Parser] GET /src/pages/OrderTracking.tsx - Content-Length: Unknown[39m
2026-04-07 00:32:26:3226 [35mhttp[39m: [35mGET /src/pages/OrderTracking.tsx 304 - - 0.584 ms[39m
2026-04-07 00:32:26:3226 [37mdebug[39m: [37m[Body Parser] GET /src/pages/Privacy.tsx - Content-Length: Unknown[39m
2026-04-07 00:32:26:3226 [35mhttp[39m: [35mGET /src/pages/Privacy.tsx 304 - - 0.687 ms[39m
2026-04-07 00:32:26:3226 [37mdebug[39m: [37m[Body Parser] GET /src/pages/Terms.tsx - Content-Length: Unknown[39m
2026-04-07 00:32:26:3226 [35mhttp[39m: [35mGET /src/pages/Terms.tsx 304 - - 0.844 ms[39m
2026-04-07 00:32:26:3226 [37mdebug[39m: [37m[Body Parser] GET /src/pages/Cookies.tsx - Content-Length: Unknown[39m
2026-04-07 00:32:26:3226 [35mhttp[39m: [35mGET /src/pages/Cookies.tsx 304 - - 0.547 ms[39m
2026-04-07 00:32:26:3226 [37mdebug[39m: [37m[Body Parser] GET /src/pages/MyOrders.tsx - Content-Length: Unknown[39m
2026-04-07 00:32:26:3226 [35mhttp[39m: [35mGET /src/pages/MyOrders.tsx 304 - - 0.538 ms[39m
2026-04-07 00:32:26:3226 [37mdebug[39m: [37m[Body Parser] GET /src/pages/CompareProducts.tsx - Content-Length: Unknown[39m
2026-04-07 00:32:26:3226 [35mhttp[39m: [35mGET /src/pages/CompareProducts.tsx 304 - - 0.552 ms[39m
2026-04-07 00:32:26:3226 [37mdebug[39m: [37m[Body Parser] GET /src/pages/AddressBook.tsx - Content-Length: Unknown[39m
2026-04-07 00:32:26:3226 [35mhttp[39m: [35mGET /src/pages/AddressBook.tsx 304 - - 0.831 ms[39m
2026-04-07 00:32:26:3226 [37mdebug[39m: [37m[Body Parser] GET /src/pages/PaymentMethods.tsx - Content-Length: Unknown[39m
2026-04-07 00:32:26:3226 [35mhttp[39m: [35mGET /src/pages/PaymentMethods.tsx 304 - - 0.929 ms[39m
2026-04-07 00:32:26:3226 [37mdebug[39m: [37m[Body Parser] GET /src/pages/Notifications.tsx - Content-Length: Unknown[39m
2026-04-07 00:32:26:3226 [35mhttp[39m: [35mGET /src/pages/Notifications.tsx 304 - - 1.366 ms[39m
2026-04-07 00:32:26:3226 [37mdebug[39m: [37m[Body Parser] GET /src/pages/AdminLogin.tsx - Content-Length: Unknown[39m
2026-04-07 00:32:27:3227 [35mhttp[39m: [35mGET /src/pages/AdminLogin.tsx 304 - - 0.611 ms[39m
2026-04-07 00:32:27:3227 [37mdebug[39m: [37m[Body Parser] GET /src/pages/AdminDashboard.tsx - Content-Length: Unknown[39m
2026-04-07 00:32:27:3227 [35mhttp[39m: [35mGET /src/pages/AdminDashboard.tsx 304 - - 0.493 ms[39m
2026-04-07 00:32:27:3227 [37mdebug[39m: [37m[Body Parser] GET /src/pages/AdminProducts.tsx - Content-Length: Unknown[39m
2026-04-07 00:32:27:3227 [35mhttp[39m: [35mGET /src/pages/AdminProducts.tsx 304 - - 0.518 ms[39m
2026-04-07 00:32:27:3227 [37mdebug[39m: [37m[Body Parser] GET /src/pages/AdminOrders.tsx - Content-Length: Unknown[39m
2026-04-07 00:32:27:3227 [35mhttp[39m: [35mGET /src/pages/AdminOrders.tsx 304 - - 0.599 ms[39m
2026-04-07 00:32:27:3227 [37mdebug[39m: [37m[Body Parser] GET /src/pages/AdminAddProduct.tsx - Content-Length: Unknown[39m
2026-04-07 00:32:27:3227 [35mhttp[39m: [35mGET /src/pages/AdminAddProduct.tsx 304 - - 0.514 ms[39m
2026-04-07 00:32:27:3227 [37mdebug[39m: [37m[Body Parser] GET /src/pages/AdminEditProduct.tsx - Content-Length: Unknown[39m
2026-04-07 00:32:27:3227 [35mhttp[39m: [35mGET /src/pages/AdminEditProduct.tsx 304 - - 0.504 ms[39m
2026-04-07 00:32:27:3227 [37mdebug[39m: [37m[Body Parser] GET /src/components/admin/AdminRoute.tsx - Content-Length: Unknown[39m
2026-04-07 00:32:27:3227 [35mhttp[39m: [35mGET /src/components/admin/AdminRoute.tsx 304 - - 0.760 ms[39m
2026-04-07 00:32:27:3227 [37mdebug[39m: [37m[Body Parser] GET /src/lib/authStore.ts - Content-Length: Unknown[39m
2026-04-07 00:32:27:3227 [35mhttp[39m: [35mGET /src/lib/authStore.ts 304 - - 0.566 ms[39m
2026-04-07 00:32:27:3227 [37mdebug[39m: [37m[Body Parser] GET /src/hooks/use-toast.ts - Content-Length: Unknown[39m
2026-04-07 00:32:27:3227 [35mhttp[39m: [35mGET /src/hooks/use-toast.ts 304 - - 0.529 ms[39m
2026-04-07 00:32:27:3227 [37mdebug[39m: [37m[Body Parser] GET /src/components/ui/toast.tsx - Content-Length: Unknown[39m
2026-04-07 00:32:27:3227 [35mhttp[39m: [35mGET /src/components/ui/toast.tsx 304 - - 0.492 ms[39m
2026-04-07 00:32:27:3227 [37mdebug[39m: [37m[Body Parser] GET /src/lib/utils.ts - Content-Length: Unknown[39m
2026-04-07 00:32:27:3227 [35mhttp[39m: [35mGET /src/lib/utils.ts 304 - - 0.719 ms[39m
2026-04-07 00:32:27:3227 [37mdebug[39m: [37m[Body Parser] GET /src/components/ui/card.tsx - Content-Length: Unknown[39m
2026-04-07 00:32:27:3227 [35mhttp[39m: [35mGET /src/components/ui/card.tsx 304 - - 1.129 ms[39m
2026-04-07 00:32:27:3227 [37mdebug[39m: [37m[Body Parser] GET /src/components/ui/button.tsx - Content-Length: Unknown[39m
2026-04-07 00:32:27:3227 [35mhttp[39m: [35mGET /src/components/ui/button.tsx 304 - - 0.899 ms[39m
2026-04-07 00:32:27:3227 [37mdebug[39m: [37m[Body Parser] GET /src/components/layout/Header.tsx - Content-Length: Unknown[39m
2026-04-07 00:32:27:3227 [35mhttp[39m: [35mGET /src/components/layout/Header.tsx 304 - - 0.756 ms[39m
2026-04-07 00:32:27:3227 [37mdebug[39m: [37m[Body Parser] GET /src/components/layout/Footer.tsx - Content-Length: Unknown[39m
2026-04-07 00:32:27:3227 [35mhttp[39m: [35mGET /src/components/layout/Footer.tsx 304 - - 0.610 ms[39m
2026-04-07 00:32:27:3227 [37mdebug[39m: [37m[Body Parser] GET /src/components/common/BackToTop.tsx - Content-Length: Unknown[39m
2026-04-07 00:32:27:3227 [35mhttp[39m: [35mGET /src/components/common/BackToTop.tsx 304 - - 0.561 ms[39m
2026-04-07 00:32:27:3227 [37mdebug[39m: [37m[Body Parser] GET /src/components/product/ProductCard.tsx - Content-Length: Unknown[39m
2026-04-07 00:32:27:3227 [35mhttp[39m: [35mGET /src/components/product/ProductCard.tsx 304 - - 0.470 ms[39m
2026-04-07 00:32:27:3227 [37mdebug[39m: [37m[Body Parser] GET /src/components/product/CategoryCard.tsx - Content-Length: Unknown[39m
2026-04-07 00:32:27:3227 [35mhttp[39m: [35mGET /src/components/product/CategoryCard.tsx 304 - - 2.323 ms[39m
2026-04-07 00:32:27:3227 [37mdebug[39m: [37m[Body Parser] GET /src/data/homepage-products.ts - Content-Length: Unknown[39m
2026-04-07 00:32:27:3227 [35mhttp[39m: [35mGET /src/data/homepage-products.ts 304 - - 0.442 ms[39m
2026-04-07 00:32:27:3227 [37mdebug[39m: [37m[Body Parser] GET /src/components/ui/input.tsx - Content-Length: Unknown[39m
2026-04-07 00:32:27:3227 [35mhttp[39m: [35mGET /src/components/ui/input.tsx 304 - - 0.475 ms[39m
2026-04-07 00:32:27:3227 [37mdebug[39m: [37m[Body Parser] GET /src/components/ui/select.tsx - Content-Length: Unknown[39m
2026-04-07 00:32:27:3227 [35mhttp[39m: [35mGET /src/components/ui/select.tsx 304 - - 0.911 ms[39m
2026-04-07 00:32:27:3227 [37mdebug[39m: [37m[Body Parser] GET /src/components/ui/badge.tsx - Content-Length: Unknown[39m
2026-04-07 00:32:27:3227 [35mhttp[39m: [35mGET /src/components/ui/badge.tsx 304 - - 1.093 ms[39m
2026-04-07 00:32:27:3227 [37mdebug[39m: [37m[Body Parser] GET /src/hooks/useCart.ts - Content-Length: Unknown[39m
2026-04-07 00:32:27:3227 [35mhttp[39m: [35mGET /src/hooks/useCart.ts 304 - - 0.977 ms[39m
2026-04-07 00:32:27:3227 [37mdebug[39m: [37m[Body Parser] GET /src/components/ui/separator.tsx - Content-Length: Unknown[39m
2026-04-07 00:32:27:3227 [35mhttp[39m: [35mGET /src/components/ui/separator.tsx 304 - - 0.575 ms[39m
2026-04-07 00:32:27:3227 [37mdebug[39m: [37m[Body Parser] GET /src/components/ui/dialog.tsx - Content-Length: Unknown[39m
2026-04-07 00:32:27:3227 [35mhttp[39m: [35mGET /src/components/ui/dialog.tsx 304 - - 0.465 ms[39m
2026-04-07 00:32:27:3227 [37mdebug[39m: [37m[Body Parser] GET /src/components/ui/label.tsx - Content-Length: Unknown[39m
2026-04-07 00:32:27:3227 [35mhttp[39m: [35mGET /src/components/ui/label.tsx 304 - - 0.502 ms[39m
2026-04-07 00:32:27:3227 [37mdebug[39m: [37m[Body Parser] GET /src/components/ui/textarea.tsx - Content-Length: Unknown[39m
2026-04-07 00:32:27:3227 [35mhttp[39m: [35mGET /src/components/ui/textarea.tsx 304 - - 0.495 ms[39m
2026-04-07 00:32:27:3227 [37mdebug[39m: [37m[Body Parser] GET /src/components/ui/ImageUpload.tsx - Content-Length: Unknown[39m
2026-04-07 00:32:27:3227 [35mhttp[39m: [35mGET /src/components/ui/ImageUpload.tsx 304 - - 0.460 ms[39m
2026-04-07 00:32:27:3227 [37mdebug[39m: [37m[Body Parser] GET /src/components/common/ThemeToggle.tsx - Content-Length: Unknown[39m
2026-04-07 00:32:27:3227 [35mhttp[39m: [35mGET /src/components/common/ThemeToggle.tsx 304 - - 0.560 ms[39m
2026-04-07 00:32:27:3227 [37mdebug[39m: [37m[Body Parser] GET /src/lib/authUtils.ts - Content-Length: Unknown[39m
2026-04-07 00:32:27:3227 [35mhttp[39m: [35mGET /src/lib/authUtils.ts 304 - - 0.492 ms[39m
2026-04-07 00:32:27:3227 [37mdebug[39m: [37m[Body Parser] GET /api/auth/user - Content-Length: Unknown[39m
2026-04-07 00:32:27:3227 [35mhttp[39m: [35mGET /api/auth/user 304 - - 2.796 ms[39m
2026-04-07 00:32:27:3227 [37mdebug[39m: [37m[Body Parser] GET /favicon.ico - Content-Length: Unknown[39m
2026-04-07 00:32:27:3227 [37mdebug[39m: [37m[Body Parser] GET /api/admin/products - Content-Length: Unknown[39m
2026-04-07 00:32:27:3227 [35mhttp[39m: [35mGET /favicon.ico 200 - - 7.522 ms[39m
2026-04-07 00:32:27:3227 [35mhttp[39m: [35mGET /api/admin/products 200 17772 - 15.202 ms[39m
2026-04-07 00:32:27:3227 [37mdebug[39m: [37m[Body Parser] GET /api/admin/orders - Content-Length: Unknown[39m
2026-04-07 00:32:27:3227 [35mhttp[39m: [35mGET /api/admin/orders 304 - - 28.373 ms[39m
2026-04-07 00:32:34:3234 [37mdebug[39m: [37m[Body Parser] GET /api/admin/products - Content-Length: Unknown[39m
2026-04-07 00:32:34:3234 [37mdebug[39m: [37m[Body Parser] GET /favicon.ico - Content-Length: Unknown[39m
2026-04-07 00:32:34:3234 [35mhttp[39m: [35mGET /favicon.ico 200 - - 4.470 ms[39m
2026-04-07 00:32:34:3234 [35mhttp[39m: [35mGET /api/admin/products 200 17772 - 21.464 ms[39m
2026-04-07 00:32:34:3234 [37mdebug[39m: [37m[Body Parser] GET /uploads/image-1775480305334-264044693.png - Content-Length: Unknown[39m
2026-04-07 00:32:34:3234 [37mdebug[39m: [37m[Body Parser] GET /uploads/image-1775481080154-323262904.png - Content-Length: Unknown[39m
2026-04-07 00:32:34:3234 [37mdebug[39m: [37m[Body Parser] GET /uploads/image-1775481344581-235406894.png - Content-Length: Unknown[39m
2026-04-07 00:32:34:3234 [37mdebug[39m: [37m[Body Parser] GET /uploads/image-1775481642363-740590904.png - Content-Length: Unknown[39m
2026-04-07 00:32:34:3234 [35mhttp[39m: [35mGET /uploads/image-1775480305334-264044693.png 304 - - 4.298 ms[39m
2026-04-07 00:32:34:3234 [35mhttp[39m: [35mGET /uploads/image-1775481080154-323262904.png 304 - - 3.199 ms[39m
2026-04-07 00:32:34:3234 [35mhttp[39m: [35mGET /uploads/image-1775481344581-235406894.png 304 - - 2.637 ms[39m
2026-04-07 00:32:34:3234 [35mhttp[39m: [35mGET /uploads/image-1775481642363-740590904.png 304 - - 2.514 ms[39m
2026-04-07 00:32:34:3234 [37mdebug[39m: [37m[Body Parser] GET /uploads/image-1775479225452-169117213.png - Content-Length: Unknown[39m
2026-04-07 00:32:34:3234 [37mdebug[39m: [37m[Body Parser] GET /uploads/image-1775477294764-820975036.png - Content-Length: Unknown[39m
2026-04-07 00:32:34:3234 [35mhttp[39m: [35mGET /uploads/image-1775479225452-169117213.png 304 - - 1.036 ms[39m
2026-04-07 00:32:34:3234 [35mhttp[39m: [35mGET /uploads/image-1775477294764-820975036.png 304 - - 0.932 ms[39m
2026-04-07 00:32:34:3234 [37mdebug[39m: [37m[Body Parser] GET /uploads/image-1771330018596-333443627.jpg - Content-Length: Unknown[39m
2026-04-07 00:32:34:3234 [37mdebug[39m: [37m[Body Parser] GET /uploads/image-1762169161704-315194650.jpg - Content-Length: Unknown[39m
2026-04-07 00:32:34:3234 [35mhttp[39m: [35mGET /uploads/image-1771330018596-333443627.jpg 304 - - 3.879 ms[39m
2026-04-07 00:32:34:3234 [37mdebug[39m: [37m[Body Parser] GET /uploads/image-1762169186507-203039203.jpg - Content-Length: Unknown[39m
2026-04-07 00:32:34:3234 [37mdebug[39m: [37m[Body Parser] GET /uploads/image-1762167901640-275555765.jpg - Content-Length: Unknown[39m
2026-04-07 00:32:35:3235 [35mhttp[39m: [35mGET /uploads/image-1762169161704-315194650.jpg 304 - - 5.315 ms[39m
2026-04-07 00:32:35:3235 [35mhttp[39m: [35mGET /uploads/image-1762169186507-203039203.jpg 304 - - 3.656 ms[39m
2026-04-07 00:32:35:3235 [37mdebug[39m: [37m[Body Parser] GET /uploads/image-1762167975481-485710040.jpg - Content-Length: Unknown[39m
2026-04-07 00:32:35:3235 [35mhttp[39m: [35mGET /uploads/image-1762167901640-275555765.jpg 304 - - 4.391 ms[39m
2026-04-07 00:32:35:3235 [35mhttp[39m: [35mGET /uploads/image-1762167975481-485710040.jpg 304 - - 2.103 ms[39m
2026-04-07 00:32:35:3235 [37mdebug[39m: [37m[Body Parser] GET /uploads/image-1762168024733-723545136.jpg - Content-Length: Unknown[39m
2026-04-07 00:32:35:3235 [35mhttp[39m: [35mGET /uploads/image-1762168024733-723545136.jpg 304 - - 1.085 ms[39m
2026-04-07 00:32:35:3235 [37mdebug[39m: [37m[Body Parser] GET /uploads/image-1762168671341-903263801.jpg - Content-Length: Unknown[39m
2026-04-07 00:32:35:3235 [37mdebug[39m: [37m[Body Parser] GET /uploads/image-1762168651132-248161548.jpg - Content-Length: Unknown[39m
2026-04-07 00:32:35:3235 [35mhttp[39m: [35mGET /uploads/image-1762168671341-903263801.jpg 304 - - 1.805 ms[39m
2026-04-07 00:32:35:3235 [37mdebug[39m: [37m[Body Parser] GET /uploads/image-1762168617305-904761804.jpg - Content-Length: Unknown[39m
2026-04-07 00:32:35:3235 [35mhttp[39m: [35mGET /uploads/image-1762168651132-248161548.jpg 304 - - 2.815 ms[39m
2026-04-07 00:32:35:3235 [37mdebug[39m: [37m[Body Parser] GET /uploads/image-1762169287546-762361169.jpg - Content-Length: Unknown[39m
2026-04-07 00:32:35:3235 [37mdebug[39m: [37m[Body Parser] GET /uploads/image-1762169256205-975959281.jpg - Content-Length: Unknown[39m
2026-04-07 00:32:35:3235 [37mdebug[39m: [37m[Body Parser] GET /uploads/image-1762168706708-520296747.jpg - Content-Length: Unknown[39m
2026-04-07 00:32:35:3235 [35mhttp[39m: [35mGET /uploads/image-1762168617305-904761804.jpg 304 - - 4.169 ms[39m
2026-04-07 00:32:35:3235 [35mhttp[39m: [35mGET /uploads/image-1762169287546-762361169.jpg 304 - - 3.098 ms[39m
2026-04-07 00:32:35:3235 [35mhttp[39m: [35mGET /uploads/image-1762169256205-975959281.jpg 304 - - 2.957 ms[39m
2026-04-07 00:32:35:3235 [35mhttp[39m: [35mGET /uploads/image-1762168706708-520296747.jpg 304 - - 2.823 ms[39m
